<?xml version="1.0" encoding="UTF-8"?>
<testng-results ignored="0" total="1" passed="1" failed="0" skipped="0">
  <reporter-output>
  </reporter-output>
  <suite started-at="2022-06-03T11:16:05 EDT" name="Default suite" finished-at="2022-06-03T11:16:45 EDT" duration-ms="39786">
    <groups>
    </groups>
    <test started-at="2022-06-03T11:16:05 EDT" name="Default test" finished-at="2022-06-03T11:16:45 EDT" duration-ms="39786">
      <class name="Test_Cases.Selenide_Test">
        <test-method signature="GoogleSearchTest()[pri:0, instance:Test_Cases.Selenide_Test@3ce1e309]" started-at="2022-06-03T11:16:05 EDT" name="GoogleSearchTest" finished-at="2022-06-03T11:16:45 EDT" duration-ms="39679" status="PASS">
          <reporter-output>
          </reporter-output>
        </test-method> <!-- GoogleSearchTest -->
      </class> <!-- Test_Cases.Selenide_Test -->
    </test> <!-- Default test -->
  </suite> <!-- Default suite -->
</testng-results>
